<?xml version="1.0" encoding="UTF-8"?>
<!-- Generated by org.testng.reporters.JUnitReportReporter -->
<testsuite name="cn.xiaoli.testSuites.UserLoginDataTest" tests="5" time="32.112" ignored="0" failures="0" timestamp="21 九月 2025 15:22:18 GMT" skipped="0" hostname="LAPTOP-6VPRT40J" errors="0">
  <testcase name="testLogin" time="6.423" classname="cn.xiaoli.testSuites.UserLoginDataTest"/>
  <testcase name="testLogin" time="7.147" classname="cn.xiaoli.testSuites.UserLoginDataTest"/>
  <testcase name="testLogin" time="5.738" classname="cn.xiaoli.testSuites.UserLoginDataTest"/>
  <testcase name="testLogin" time="6.831" classname="cn.xiaoli.testSuites.UserLoginDataTest"/>
  <testcase name="testLogin" time="5.973" classname="cn.xiaoli.testSuites.UserLoginDataTest"/>
</testsuite> <!-- cn.xiaoli.testSuites.UserLoginDataTest -->
