<?xml version="1.0" encoding="UTF-8"?>
<!-- Generated by org.testng.reporters.JUnitReportReporter -->
<testsuite name="cn.xiaoli.testSuites.OrderPaymentTest" tests="3" time="43.523" ignored="0" failures="0" timestamp="21 九月 2025 15:22:18 GMT" skipped="0" hostname="LAPTOP-6VPRT40J" errors="0">
  <testcase name="TC_B1_SufficientBalanceOrderSuccess" time="12.284" classname="cn.xiaoli.testSuites.OrderPaymentTest"/>
  <testcase name="TC_B3_InsufficientBalanceOrderFail" time="15.303" classname="cn.xiaoli.testSuites.OrderPaymentTest"/>
  <testcase name="TC_B2_ZeroBalanceOrderFail" time="15.936" classname="cn.xiaoli.testSuites.OrderPaymentTest"/>
</testsuite> <!-- cn.xiaoli.testSuites.OrderPaymentTest -->
