<?xml version="1.0" encoding="UTF-8"?>
<!-- Generated by org.testng.reporters.JUnitReportReporter -->
<testsuite name="cn.xiaoli.testSuites.OrderPermissionTest" tests="3" time="23.926" ignored="0" failures="0" timestamp="21 九月 2025 15:22:18 GMT" skipped="0" hostname="LAPTOP-6VPRT40J" errors="0">
  <testcase name="TC_A2_NormalUserTryToOrder" time="7.218" classname="cn.xiaoli.testSuites.OrderPermissionTest"/>
  <testcase name="TC_A1_UnloggedUserTryToOrder" time="3.725" classname="cn.xiaoli.testSuites.OrderPermissionTest"/>
  <testcase name="TC_A3_NonNormalUserTryToOrder" time="12.983" classname="cn.xiaoli.testSuites.OrderPermissionTest"/>
</testsuite> <!-- cn.xiaoli.testSuites.OrderPermissionTest -->
